<?xml version="1.0" encoding="UTF-8"?>
<testng-results ignored="0" total="1" passed="1" failed="0" skipped="0">
  <reporter-output>
  </reporter-output>
  <suite started-at="2023-10-16T20:05:30 CDT" name="Default suite" finished-at="2023-10-16T20:05:48 CDT" duration-ms="17177">
    <groups>
    </groups>
    <test started-at="2023-10-16T20:05:30 CDT" name="Default test" finished-at="2023-10-16T20:05:48 CDT" duration-ms="17177">
      <class name="test.AddCustomerTest">
        <test-method signature="validCustomerShouldBeAbleToCreateCustomer()[pri:0, instance:test.AddCustomerTest@3b77a04f]" started-at="2023-10-16T20:05:30 CDT" name="validCustomerShouldBeAbleToCreateCustomer" finished-at="2023-10-16T20:05:48 CDT" duration-ms="17130" status="PASS">
          <reporter-output>
          </reporter-output>
        </test-method> <!-- validCustomerShouldBeAbleToCreateCustomer -->
      </class> <!-- test.AddCustomerTest -->
    </test> <!-- Default test -->
  </suite> <!-- Default suite -->
</testng-results>
